<?xml version="1.0" encoding="UTF-8" ?>
<testsuite tests="10" failures="0" name="TestSuite" time="4.919" errors="0" skipped="0">
  <properties>
    <property name="jdbc.url" value="jdbc:mysql://192.168.100.201:3306/oauth2_test?autoReconnect=true&amp;useUnicode=true&amp;characterEncoding=utf8"/>
    <property name="java.runtime.name" value="Java(TM) SE Runtime Environment"/>
    <property name="sun.boot.library.path" value="C:\Program Files\Java\jdk1.8.0_111\jre\bin"/>
    <property name="java.vm.version" value="25.111-b14"/>
    <property name="java.vm.vendor" value="Oracle Corporation"/>
    <property name="maven.multiModuleProjectDirectory" value="D:\SOA\spring-oauth-server"/>
    <property name="java.vendor.url" value="http://java.oracle.com/"/>
    <property name="path.separator" value=";"/>
    <property name="guice.disable.misplaced.annotation.check" value="true"/>
    <property name="java.vm.name" value="Java HotSpot(TM) 64-Bit Server VM"/>
    <property name="file.encoding.pkg" value="sun.io"/>
    <property name="user.script" value=""/>
    <property name="user.country" value="CN"/>
    <property name="sun.java.launcher" value="SUN_STANDARD"/>
    <property name="sun.os.patch.level" value="Service Pack 1"/>
    <property name="java.vm.specification.name" value="Java Virtual Machine Specification"/>
    <property name="user.dir" value="D:\SOA\spring-oauth-server"/>
    <property name="java.runtime.version" value="1.8.0_111-b14"/>
    <property name="java.awt.graphicsenv" value="sun.awt.Win32GraphicsEnvironment"/>
    <property name="basedir" value="D:\SOA\spring-oauth-server"/>
    <property name="java.endorsed.dirs" value="C:\Program Files\Java\jdk1.8.0_111\jre\lib\endorsed"/>
    <property name="os.arch" value="amd64"/>
    <property name="java.io.tmpdir" value="C:\Users\Admin\AppData\Local\Temp\"/>
    <property name="line.separator" value="
"/>
    <property name="java.vm.specification.vendor" value="Oracle Corporation"/>
    <property name="user.variant" value=""/>
    <property name="os.name" value="Windows 7"/>
    <property name="classworlds.conf" value="D:\SOA\.metadata\.plugins\org.eclipse.m2e.launching\launches\m2conf3335722158382916419.tmp"/>
    <property name="sun.jnu.encoding" value="GBK"/>
    <property name="java.library.path" value="C:\Program Files\Java\jdk1.8.0_111\bin;C:\Windows\Sun\Java\bin;C:\Windows\system32;C:\Windows;C:/Program Files (x86)/Java/jre1.8.0_101/bin/client;C:/Program Files (x86)/Java/jre1.8.0_101/bin;C:/Program Files (x86)/Java/jre1.8.0_101/lib/i386;C:\Python27\;C:\Python27\Scripts;C:\ProgramData\Oracle\Java\javapath;C:\Windows\system32;C:\Windows;C:\Windows\System32\Wbem;C:\Windows\System32\WindowsPowerShell\v1.0\;C:\Program Files\Intel\WiFi\bin\;C:\Program Files\Common Files\Intel\WirelessCommon\;C:\Program Files\Lenovo\Fingerprint Manager Pro\;C:\Program Files (x86)\IDM Computer Solutions\UltraEdit;C:\apache-maven-3.3.9\bin;C:\Program Files\Git\cmd;D:\GGCloud\spring-roo-1.3.1.RELEASE\bin;C:\Program Files\OpenVPN\bin;C:\spring-roo-2.0.0.RC1\bin;C:\Program Files\curl-7.54.1-win64-mingw\curl-7.54.1-win64-mingw\bin;C:\Program Files (x86)\chromedriver_win32\chromedriver.exe;C:\Program Files (x86)\phantomjs-2.1.1-windows\phantomjs-2.1.1-windows\bin;C:\Program Files\gradle-4.2\bin;C:\Program Files\Intel\WiFi\bin\;C:\Program Files\Common Files\Intel\WirelessCommon\;C:\apache-maven-3.3.9\bin;C:\spring-roo-2.0.0.RC1\bin;C:\Program Files (x86)\phantomjs-2.1.1-windows\phantomjs-2.1.1-windows;D:\GGCloud\spring-tool-suite-3.8.4.RELEASE-e4.6.3-win32-x86_64\sts-bundle\sts-3.8.4.RELEASE;;."/>
    <property name="surefire.test.class.path" value="D:\SOA\spring-oauth-server\target\test-classes;D:\SOA\spring-oauth-server\target\classes;C:\Users\Admin\.m2\repository\javax\servlet\javax.servlet-api\3.1.0\javax.servlet-api-3.1.0.jar;C:\Users\Admin\.m2\repository\javax\servlet\jsp\jsp-api\2.1\jsp-api-2.1.jar;C:\Users\Admin\.m2\repository\opensymphony\sitemesh\2.4\sitemesh-2.4.jar;C:\Users\Admin\.m2\repository\org\aspectj\aspectjrt\1.8.6\aspectjrt-1.8.6.jar;C:\Users\Admin\.m2\repository\org\aspectj\aspectjweaver\1.8.6\aspectjweaver-1.8.6.jar;C:\Users\Admin\.m2\repository\commons-dbcp\commons-dbcp\1.4\commons-dbcp-1.4.jar;C:\Users\Admin\.m2\repository\commons-pool\commons-pool\1.5.4\commons-pool-1.5.4.jar;C:\Users\Admin\.m2\repository\commons-lang\commons-lang\2.6\commons-lang-2.6.jar;C:\Users\Admin\.m2\repository\commons-io\commons-io\2.4\commons-io-2.4.jar;C:\Users\Admin\.m2\repository\org\springframework\spring-aop\4.1.6.RELEASE\spring-aop-4.1.6.RELEASE.jar;C:\Users\Admin\.m2\repository\aopalliance\aopalliance\1.0\aopalliance-1.0.jar;C:\Users\Admin\.m2\repository\org\springframework\spring-beans\4.1.6.RELEASE\spring-beans-4.1.6.RELEASE.jar;C:\Users\Admin\.m2\repository\org\springframework\spring-context\4.1.6.RELEASE\spring-context-4.1.6.RELEASE.jar;C:\Users\Admin\.m2\repository\org\springframework\spring-core\4.1.6.RELEASE\spring-core-4.1.6.RELEASE.jar;C:\Users\Admin\.m2\repository\commons-logging\commons-logging\1.2\commons-logging-1.2.jar;C:\Users\Admin\.m2\repository\org\springframework\spring-tx\4.1.6.RELEASE\spring-tx-4.1.6.RELEASE.jar;C:\Users\Admin\.m2\repository\org\springframework\spring-expression\4.1.6.RELEASE\spring-expression-4.1.6.RELEASE.jar;C:\Users\Admin\.m2\repository\org\springframework\spring-web\4.1.6.RELEASE\spring-web-4.1.6.RELEASE.jar;C:\Users\Admin\.m2\repository\org\springframework\spring-webmvc\4.1.6.RELEASE\spring-webmvc-4.1.6.RELEASE.jar;C:\Users\Admin\.m2\repository\org\springframework\spring-context-support\4.1.6.RELEASE\spring-context-support-4.1.6.RELEASE.jar;C:\Users\Admin\.m2\repository\org\springframework\security\spring-security-core\4.0.4.RELEASE\spring-security-core-4.0.4.RELEASE.jar;C:\Users\Admin\.m2\repository\org\springframework\security\spring-security-web\4.0.4.RELEASE\spring-security-web-4.0.4.RELEASE.jar;C:\Users\Admin\.m2\repository\org\springframework\security\spring-security-taglibs\4.0.4.RELEASE\spring-security-taglibs-4.0.4.RELEASE.jar;C:\Users\Admin\.m2\repository\org\springframework\security\spring-security-acl\4.0.4.RELEASE\spring-security-acl-4.0.4.RELEASE.jar;C:\Users\Admin\.m2\repository\org\springframework\spring-jdbc\4.2.5.RELEASE\spring-jdbc-4.2.5.RELEASE.jar;C:\Users\Admin\.m2\repository\org\springframework\security\spring-security-config\4.0.4.RELEASE\spring-security-config-4.0.4.RELEASE.jar;C:\Users\Admin\.m2\repository\org\springframework\security\oauth\spring-security-oauth2\2.0.7.RELEASE\spring-security-oauth2-2.0.7.RELEASE.jar;C:\Users\Admin\.m2\repository\commons-codec\commons-codec\1.6\commons-codec-1.6.jar;C:\Users\Admin\.m2\repository\org\codehaus\jackson\jackson-mapper-asl\1.9.13\jackson-mapper-asl-1.9.13.jar;C:\Users\Admin\.m2\repository\org\codehaus\jackson\jackson-core-asl\1.9.13\jackson-core-asl-1.9.13.jar;C:\Users\Admin\.m2\repository\com\fasterxml\jackson\core\jackson-databind\2.5.4\jackson-databind-2.5.4.jar;C:\Users\Admin\.m2\repository\com\fasterxml\jackson\core\jackson-annotations\2.5.0\jackson-annotations-2.5.0.jar;C:\Users\Admin\.m2\repository\com\fasterxml\jackson\core\jackson-core\2.5.4\jackson-core-2.5.4.jar;C:\Users\Admin\.m2\repository\mysql\mysql-connector-java\5.1.35\mysql-connector-java-5.1.35.jar;C:\Users\Admin\.m2\repository\net\sf\ehcache\ehcache-web\2.0.4\ehcache-web-2.0.4.jar;C:\Users\Admin\.m2\repository\net\sf\ehcache\ehcache-core\2.4.6\ehcache-core-2.4.6.jar;C:\Users\Admin\.m2\repository\log4j\log4j\1.2.14\log4j-1.2.14.jar;C:\Users\Admin\.m2\repository\org\slf4j\slf4j-log4j12\1.7.5\slf4j-log4j12-1.7.5.jar;C:\Users\Admin\.m2\repository\org\slf4j\slf4j-api\1.7.5\slf4j-api-1.7.5.jar;C:\Users\Admin\.m2\repository\javax\servlet\jstl\1.1.2\jstl-1.1.2.jar;C:\Users\Admin\.m2\repository\taglibs\standard\1.1.2\standard-1.1.2.jar;C:\Users\Admin\.m2\repository\org\springframework\spring-test\4.1.6.RELEASE\spring-test-4.1.6.RELEASE.jar;C:\Users\Admin\.m2\repository\org\testng\testng\6.1.1\testng-6.1.1.jar;C:\Users\Admin\.m2\repository\org\beanshell\bsh\2.0b4\bsh-2.0b4.jar;C:\Users\Admin\.m2\repository\com\beust\jcommander\1.12\jcommander-1.12.jar;C:\Users\Admin\.m2\repository\org\yaml\snakeyaml\1.6\snakeyaml-1.6.jar;"/>
    <property name="java.specification.name" value="Java Platform API Specification"/>
    <property name="java.class.version" value="52.0"/>
    <property name="sun.management.compiler" value="HotSpot 64-Bit Tiered Compilers"/>
    <property name="os.version" value="6.1"/>
    <property name="user.home" value="C:\Users\Admin"/>
    <property name="user.timezone" value="Asia/Shanghai"/>
    <property name="java.awt.printerjob" value="sun.awt.windows.WPrinterJob"/>
    <property name="java.specification.version" value="1.8"/>
    <property name="file.encoding" value="GBK"/>
    <property name="user.name" value="Admin"/>
    <property name="java.class.path" value="/D:/GGCloud/spring-tool-suite-3.8.4.RELEASE-e4.6.3-win32-x86_64/sts-bundle/sts-3.8.4.RELEASE/plugins/org.eclipse.m2e.maven.runtime_1.7.0.20160603-1931/jars/plexus-classworlds-2.5.2.jar"/>
    <property name="java.vm.specification.version" value="1.8"/>
    <property name="sun.arch.data.model" value="64"/>
    <property name="java.home" value="C:\Program Files\Java\jdk1.8.0_111\jre"/>
    <property name="sun.java.command" value="org.codehaus.plexus.classworlds.launcher.Launcher -B install"/>
    <property name="java.specification.vendor" value="Oracle Corporation"/>
    <property name="user.language" value="zh"/>
    <property name="awt.toolkit" value="sun.awt.windows.WToolkit"/>
    <property name="jdbc.password" value="123456"/>
    <property name="java.vm.info" value="mixed mode"/>
    <property name="jdbc.username" value="oauth2"/>
    <property name="java.version" value="1.8.0_111"/>
    <property name="java.ext.dirs" value="C:\Program Files\Java\jdk1.8.0_111\jre\lib\ext;C:\Windows\Sun\Java\lib\ext"/>
    <property name="sun.boot.class.path" value="C:\Program Files\Java\jdk1.8.0_111\jre\lib\resources.jar;C:\Program Files\Java\jdk1.8.0_111\jre\lib\rt.jar;C:\Program Files\Java\jdk1.8.0_111\jre\lib\sunrsasign.jar;C:\Program Files\Java\jdk1.8.0_111\jre\lib\jsse.jar;C:\Program Files\Java\jdk1.8.0_111\jre\lib\jce.jar;C:\Program Files\Java\jdk1.8.0_111\jre\lib\charsets.jar;C:\Program Files\Java\jdk1.8.0_111\jre\lib\jfr.jar;C:\Program Files\Java\jdk1.8.0_111\jre\classes"/>
    <property name="java.vendor" value="Oracle Corporation"/>
    <property name="maven.home" value="D:\SOA\spring-oauth-server\EMBEDDED"/>
    <property name="localRepository" value="C:\Users\Admin\.m2\repository"/>
    <property name="file.separator" value="\"/>
    <property name="java.vendor.url.bug" value="http://bugreport.sun.com/bugreport/"/>
    <property name="sun.cpu.endian" value="little"/>
    <property name="sun.io.unicode.encoding" value="UnicodeLittle"/>
    <property name="sun.desktop" value="windows"/>
    <property name="sun.cpu.isalist" value="amd64"/>
  </properties>
  <testcase name="convert" time="0.086"/>
  <testcase name="testMd5" time="0.007"/>
  <testcase name="findAllOauthClientDetails" time="0.009"/>
  <testcase name="findOauthClientDetails" time="0.019"/>
  <testcase name="saveOauthClientDetails" time="0.023"/>
  <testcase name="updateOauthClientDetailsArchive" time="0.044"/>
  <testcase name="findByGuid" time="0.035"/>
  <testcase name="findByUsername" time="0.013"/>
  <testcase name="findUsersByUsername" time="0.035"/>
  <testcase name="updateUser" time="0.037"/>
</testsuite>