<?xml version="1.0" encoding="UTF-8"?>
<!-- Generated by org.testng.reporters.JUnitReportReporter -->
<testsuite hostname="Admin-PC" name="com.monkeyk.sos.infrastructure.PasswordHandlerTest" tests="1" failures="0" timestamp="16 Oct 2017 02:04:34 GMT" time="0.008" errors="0">
  <testcase name="testMd5" time="0.008" classname="com.monkeyk.sos.infrastructure.PasswordHandlerTest"/>
</testsuite>
