<?xml version="1.0" encoding="UTF-8"?>
<!-- Generated by org.testng.reporters.JUnitReportReporter -->
<testsuite hostname="Admin-PC" name="com.monkeyk.sos.infrastructure.DateUtilsTest" tests="1" failures="0" timestamp="16 Oct 2017 02:04:34 GMT" time="0.085" errors="0">
  <testcase name="convert" time="0.085" classname="com.monkeyk.sos.infrastructure.DateUtilsTest"/>
</testsuite>
