<?xml version="1.0" encoding="UTF-8"?>
<!-- Generated by org.testng.reporters.JUnitReportReporter -->
<testsuite hostname="Admin-PC" name="com.monkeyk.sos.infrastructure.jdbc.UserRepositoryJdbcTest" tests="4" failures="0" timestamp="16 Oct 2017 02:04:34 GMT" time="0.120" errors="0">
  <testcase name="findByUsername" time="0.013" classname="com.monkeyk.sos.infrastructure.jdbc.UserRepositoryJdbcTest"/>
  <testcase name="findUsersByUsername" time="0.035" classname="com.monkeyk.sos.infrastructure.jdbc.UserRepositoryJdbcTest"/>
  <testcase name="findByGuid" time="0.035" classname="com.monkeyk.sos.infrastructure.jdbc.UserRepositoryJdbcTest"/>
  <testcase name="updateUser" time="0.037" classname="com.monkeyk.sos.infrastructure.jdbc.UserRepositoryJdbcTest"/>
</testsuite>
