<?xml version="1.0" encoding="UTF-8"?>
<!-- Generated by org.testng.reporters.JUnitReportReporter -->
<testsuite hostname="Admin-PC" name="com.monkeyk.sos.infrastructure.jdbc.OauthRepositoryJdbcTest" tests="4" failures="0" timestamp="16 Oct 2017 02:04:34 GMT" time="0.095" errors="0">
  <testcase name="findAllOauthClientDetails" time="0.009" classname="com.monkeyk.sos.infrastructure.jdbc.OauthRepositoryJdbcTest"/>
  <testcase name="updateOauthClientDetailsArchive" time="0.044" classname="com.monkeyk.sos.infrastructure.jdbc.OauthRepositoryJdbcTest"/>
  <testcase name="findOauthClientDetails" time="0.019" classname="com.monkeyk.sos.infrastructure.jdbc.OauthRepositoryJdbcTest"/>
  <testcase name="saveOauthClientDetails" time="0.023" classname="com.monkeyk.sos.infrastructure.jdbc.OauthRepositoryJdbcTest"/>
</testsuite>
